<?xml version="1.0" encoding="UTF-8"?>
<!-- Generated by org.testng.reporters.JUnitReportReporter -->
<testsuite hostname="LAPTOP-GLV165CP" failures="0" tests="8" name="MyTestCases" time="0.660" errors="0" timestamp="2025-01-07T19:21:39 GST" skipped="7">
  <testcase classname="MyTestCases" name="WebTableExample" time="0.660"/>
  <system-out/>
  <testcase classname="MyTestCases" name="SwitchTabExample">
    <skipped/>
  </testcase> <!-- SwitchTabExample -->
  <system-out/>
  <testcase classname="MyTestCases" name="SwitchToAlertExample">
    <skipped/>
  </testcase> <!-- SwitchToAlertExample -->
  <system-out/>
  <testcase classname="MyTestCases" name="RadioButtonExample">
    <skipped/>
  </testcase> <!-- RadioButtonExample -->
  <system-out/>
  <testcase classname="MyTestCases" name="DynamicDropdownExample">
    <skipped/>
  </testcase> <!-- DynamicDropdownExample -->
  <system-out/>
  <testcase classname="MyTestCases" name="StaticDropdownExample">
    <skipped/>
  </testcase> <!-- StaticDropdownExample -->
  <system-out/>
  <testcase classname="MyTestCases" name="CheckboxExample">
    <skipped/>
  </testcase> <!-- CheckboxExample -->
  <system-out/>
  <testcase classname="MyTestCases" name="SwitchWindowExample">
    <skipped/>
  </testcase> <!-- SwitchWindowExample -->
  <system-out/>
</testsuite> <!-- MyTestCases -->
